<?xml version="1.0" encoding="UTF-8"?>
<!-- Generated by org.testng.reporters.JUnitReportReporter -->
<testsuite hostname="DESKTOP-7EUDCAL" failures="0" tests="2" name="testcases.LoginTest" time="12.631" errors="0" timestamp="2023-04-08T11:48:52 GMT-04:00" skipped="0">
  <testcase classname="testcases.LoginTest" name="validLoginTest" time="8.508"/>
  <system-out/>
  <testcase classname="testcases.LoginTest" name="InvalidLoginTest" time="4.123"/>
  <system-out/>
</testsuite> <!-- testcases.LoginTest -->
