<?xml version="1.0" encoding="UTF-8"?>
<!-- Generated by org.testng.reporters.JUnitReportReporter -->
<testsuite hostname="DESKTOP-7EUDCAL" failures="0" tests="2" name="testcases.LoginTest" time="8.417" errors="0" timestamp="2023-04-08T12:02:05 GMT-04:00" skipped="0">
  <testcase classname="testcases.LoginTest" name="validLoginTest" time="4.329"/>
  <system-out/>
  <testcase classname="testcases.LoginTest" name="InvalidLoginTest" time="4.088"/>
  <system-out/>
</testsuite> <!-- testcases.LoginTest -->
