<?xml version="1.0" encoding="UTF-8"?>
<!-- Generated by org.testng.reporters.JUnitReportReporter -->
<testsuite hostname="DESKTOP-7EUDCAL" failures="0" tests="1" name="testcases.AddtocartTest" time="7.459" errors="0" timestamp="2023-04-08T12:02:05 GMT-04:00" skipped="0">
  <testcase classname="testcases.AddtocartTest" name="addtocartest" time="7.459"/>
  <system-out/>
</testsuite> <!-- testcases.AddtocartTest -->
