<?xml version="1.0" encoding="UTF-8"?>
<!-- Generated by org.testng.reporters.JUnitReportReporter -->
<testsuite hostname="DESKTOP-7EUDCAL" failures="0" tests="1" name="testngTescases.AddToCartTest" time="2.546" errors="0" timestamp="2023-04-02T11:50:53 GMT-04:00" skipped="0">
  <testcase classname="testngTescases.AddToCartTest" name="addtocart" time="2.546"/>
  <system-out/>
</testsuite> <!-- testngTescases.AddToCartTest -->
