<?xml version="1.0" encoding="UTF-8"?>
<!-- Generated by org.testng.reporters.JUnitReportReporter -->
<testsuite hostname="DESKTOP-7EUDCAL" failures="0" tests="2" name="BASICS.LoginTest" time="0.010" errors="0" timestamp="2023-04-02T11:30:28 GMT-04:00" skipped="0">
  <testcase classname="BASICS.LoginTest" name="method1" time="0.009"/>
  <system-out/>
  <testcase classname="BASICS.LoginTest" name="method2" time="0.001"/>
  <system-out/>
</testsuite> <!-- BASICS.LoginTest -->
