<?xml version="1.0" encoding="UTF-8"?>
<!-- Generated by org.testng.reporters.JUnitReportReporter -->
<testsuite hostname="DESKTOP-7EUDCAL" failures="0" tests="2" name="BASICS.Annotation_Ex" time="0.011" errors="0" timestamp="2023-04-02T11:40:18 GMT-04:00" skipped="0">
  <testcase classname="BASICS.Annotation_Ex" name="method2" time="0.005"/>
  <system-out/>
  <testcase classname="BASICS.Annotation_Ex" name="method1" time="0.006"/>
  <system-out/>
</testsuite> <!-- BASICS.Annotation_Ex -->
