<?xml version="1.0" encoding="UTF-8"?>
<!-- Generated by org.testng.reporters.JUnitReportReporter -->
<testsuite hostname="DESKTOP-7EUDCAL" failures="0" tests="1" name="testngTescases.LogOutTest" time="2.733" errors="0" timestamp="2023-04-02T11:50:53 GMT-04:00" skipped="0">
  <testcase classname="testngTescases.LogOutTest" name="logout" time="2.733"/>
  <system-out/>
</testsuite> <!-- testngTescases.LogOutTest -->
