<?xml version="1.0" encoding="UTF-8"?>
<!-- Generated by org.testng.reporters.JUnitReportReporter -->
<testsuite hostname="DESKTOP-7EUDCAL" failures="0" tests="4" name="BASICS.Priority_Ex" time="0.015" errors="0" timestamp="2023-04-02T11:56:13 GMT-04:00" skipped="0">
  <testcase classname="BASICS.Priority_Ex" name="t1" time="0.012"/>
  <system-out/>
  <testcase classname="BASICS.Priority_Ex" name="method1" time="0.001"/>
  <system-out/>
  <testcase classname="BASICS.Priority_Ex" name="blackout" time="0.001"/>
  <system-out/>
  <testcase classname="BASICS.Priority_Ex" name="access" time="0.001"/>
  <system-out/>
</testsuite> <!-- BASICS.Priority_Ex -->
